<?xml version="1.0" encoding="UTF-8"?>
<!-- Generated by org.testng.reporters.JUnitReportReporter -->
<testsuite hostname="BDC8-LX-7171WQX" name="com.codedivers.runner.selenium.Executor" tests="1" failures="0" timestamp="20 Feb 2018 04:57:35 GMT" time="0.042" errors="0">
  <testcase name="main" time="0.042" classname="com.codedivers.runner.selenium.Executor"/>
</testsuite> <!-- com.codedivers.runner.selenium.Executor -->
