<?xml version="1.0" encoding="UTF-8"?>
<!-- Generated by org.testng.reporters.JUnitReportReporter -->
<testsuite hostname="BDC8-LX-7171WQX" name="com.codedivers.testing.selenium.runner.Executor" tests="1" failures="0" timestamp="20 Feb 2018 07:29:23 GMT" time="0.021" errors="0">
  <testcase name="main" time="0.021" classname="com.codedivers.testing.selenium.runner.Executor"/>
</testsuite> <!-- com.codedivers.testing.selenium.runner.Executor -->
